package.json (24:5)
Failed to resolve dependency '@typescript-eslint/parser@*' (Can't resolve '' in '/tmp/snackager/snackager/buildStatus/1/@typescript-eslint~parser@8.46.2-ios,android,web/package')
Retry
package.json (32:5)
Failed to resolve dependency 'typescript@6.0.0' (Version '6.0.0' for package 'typescript' not found)
Retry
package.json (36:5)
Failed to resolve dependency 'eslint@9.0.0' (Cannot resolve module crypto after installing it as a dependency)
Retry
package.json (39:5)
Failed to resolve dependency 'vitest@3.2.4' (Module build failed (from ../../../../../../../app/node_modules/babel-loader/lib/index.js):
Retry
SyntaxError: /tmp/snackager/snackager/buildStatus/1/vitest@3.2.4-ios,android,web/package/node_modules/chai/index.js: Static class blocks are not enabled. Please add `@babel/plugin-transform-class-static-block` to your configuration.
  143 | // node_modules/assertion-error/index.js
  144 | var canElideFrames = "captureStackTrace" in Error;
> 145 | var AssertionError = class _AssertionError extends Error {
      |                      ^
  146 |   static {
  147 |     __name(this, "AssertionError");
  148 |   }
    at File.buildCodeFrameError (/app/node_modules/@babel/core/lib/transformation/file/file.js:205:12)
    at NodePath.buildCodeFrameError (/app/node_modules/@babel/core/node_modules/@babel/traverse/lib/path/index.js:98:21)
    at shouldTransform (/app/node_modules/@babel/helper-create-class-features-plugin/lib/features.js:121:16)
    at PluginPass.Class (/app/node_modules/@babel/helper-create-class-features-plugin/lib/index.js:112:44)
    at newFn (/app/node_modules/@babel/core/node_modules/@babel/traverse/lib/visitors.js:160:14)
    at NodePath._call (/app/node_modules/@babel/core/node_modules/@babel/traverse/lib/path/context.js:46:20)
    at NodePath.call (/app/node_modules/@babel/core/node_modules/@babel/traverse/lib/path/context.js:36:17)
    at NodePath.visit (/app/node_modules/@babel/core/node_modules/@babel/traverse/lib/path/context.js:82:31)
    at TraversalContext.visitQueue (/app/node_modules/@babel/core/node_modules/@babel/traverse/lib/context.js:86:16)
    at TraversalContext.visitSingle (/app/node_modules/@babel/core/node_modules/@babel/traverse/lib/context.js:65:19)
    at TraversalContext.visit (/app/node_modules/@babel/core/node_modules/@babel/traverse/lib/context.js:109:19)
    at traverseNode (/app/node_modules/@babel/core/node_modules/@babel/traverse/lib/traverse-node.js:22:17)
    at NodePath.visit (/app/node_modules/@babel/core/node_modules/@babel/traverse/lib/path/context.js:88:52)
    at TraversalContext.visitQueue (/app/node_modules/@babel/core/node_modules/@babel/traverse/lib/context.js:86:16)
    at TraversalContext.visitMultiple (/app/node_modules/@babel/core/node_modules/@babel/traverse/lib/context.js:61:17)
    at TraversalContext.visit (/app/node_modules/@babel/core/node_modules/@babel/traverse/lib/context.js:107:19)
    at traverseNode (/app/node_modules/@babel/core/node_modules/@babel/traverse/lib/traverse-node.js:22:17)
    at NodePath.visit (/app/node_modules/@babel/core/node_modules/@babel/traverse/lib/path/context.js:88:52)
    at TraversalContext.visitQueue (/app/node_modules/@babel/core/node_modules/@babel/traverse/lib/context.js:86:16)
    at TraversalContext.visitMultiple (/app/node_modules/@babel/core/node_modules/@babel/traverse/lib/context.js:61:17)
    at TraversalContext.visit (/app/node_modules/@babel/core/node_modules/@babel/traverse/lib/context.js:107:19)
    at traverseNode (/app/node_modules/@babel/core/node_modules/@babel/traverse/lib/traverse-node.js:22:17)
    at NodePath.visit (/app/node_modules/@babel/core/node_modules/@babel/traverse/lib/path/context.js:88:52)
    at TraversalContext.visitQueue (/app/node_modules/@babel/core/node_modules/@babel/traverse/lib/context.js:86:16)
    at TraversalContext.visitSingle (/app/node_modules/@babel/core/node_modules/@babel/traverse/lib/context.js:65:19)
    at TraversalContext.visit (/app/node_modules/@babel/core/node_modules/@babel/traverse/lib/context.js:109:19)
    at traverseNode (/app/node_modules/@babel/core/node_modules/@babel/traverse/lib/traverse-node.js:22:17)
    at traverse (/app/node_modules/@babel/core/node_modules/@babel/traverse/lib/index.js:52:34)
    at transformFile (/app/node_modules/@babel/core/lib/transformation/index.js:82:31)
    at transformFile.next (<anonymous>)
    at run (/app/node_modules/@babel/core/lib/transformation/index.js:24:12)
    at run.next (<anonymous>)
    at transform (/app/node_modules/@babel/core/lib/transform.js:22:33)
    at transform.next (<anonymous>)
    at step (/app/node_modules/gensync/index.js:261:32)
    at /app/node_modules/gensync/index.js:273:13
    at async.call.result.err.err (/app/node_modules/gensync/index.js:223:11)
Module build failed (from ../../../../../../../app/node_modules/babel-loader/lib/index.js):
SyntaxError: /tmp/snackager/snackager/buildStatus/1/vitest@3.2.4-ios,android,web/package/node_modules/chai/index.js: Static class blocks are not enabled. Please add `@babel/plugin-transform-class-static-block` to your configuration.
  143 | // node_modules/assertion-error/index.js
  144 | var canElideFrames = "captureStackTrace" in Error;
> 145 | var AssertionError = class _AssertionError extends Error {
      |                      ^
  146 |   static {
  147 |     __name(this, "AssertionError");
  148 |   }
    at File.buildCodeFrameError (/app/node_modules/@babel/core/lib/transformation/file/file.js:205:12)
    at NodePath.buildCodeFrameError (/app/node_modules/@babel/core/node_modules/@babel/traverse/lib/path/index.js:98:21)
    at shouldTransform (/app/node_modules/@babel/helper-create-class-features-plugin/lib/features.js:121:16)
    at PluginPass.Class (/app/node_modules/@babel/helper-create-class-features-plugin/lib/index.js:112:44)
    at newFn (/app/node_modules/@babel/core/node_modules/@babel/traverse/lib/visitors.js:160:14)
    at NodePath._call (/app/node_modules/@babel/core/node_modules/@babel/traverse/lib/path/context.js:46:20)
    at NodePath.call (/app/node_modules/@babel/core/node_modules/@babel/traverse/lib/path/context.js:36:17)
    at NodePath.visit (/app/node_modules/@babel/core/node_modules/@babel/traverse/lib/path/context.js:82:31)
    at TraversalContext.visitQueue (/app/node_modules/@babel/core/node_modules/@babel/traverse/lib/context.js:86:16)
    at TraversalContext.visitSingle (/app/node_modules/@babel/core/node_modules/@babel/traverse/lib/context.js:65:19)
    at TraversalContext.visit (/app/node_modules/@babel/core/node_modules/@babel/traverse/lib/context.js:109:19)
    at traverseNode (/app/node_modules/@babel/core/node_modules/@babel/traverse/lib/traverse-node.js:22:17)
    at NodePath.visit (/app/node_modules/@babel/core/node_modules/@babel/traverse/lib/path/context.js:88:52)
    at TraversalContext.visitQueue (/app/node_modules/@babel/core/node_modules/@babel/traverse/lib/context.js:86:16)
    at TraversalContext.visitMultiple (/app/node_modules/@babel/core/node_modules/@babel/traverse/lib/context.js:61:17)
    at TraversalContext.visit (/app/node_modules/@babel/core/node_modules/@babel/traverse/lib/context.js:107:19)
    at traverseNode (/app/node_modules/@babel/core/node_modules/@babel/traverse/lib/traverse-node.js:22:17)
    at NodePath.visit (/app/node_modules/@babel/core/node_modules/@babel/traverse/lib/path/context.js:88:52)
    at TraversalContext.visitQueue (/app/node_modules/@babel/core/node_modules/@babel/traverse/lib/context.js:86:16)
    at TraversalContext.visitMultiple (/app/node_modules/@babel/core/node_modules/@babel/traverse/lib/context.js:61:17)
    at TraversalContext.visit (/app/node_modules/@babel/core/node_modules/@babel/traverse/lib/context.js:107:19)
    at traverseNode (/app/node_modules/@babel/core/node_modules/@babel/traverse/lib/traverse-node.js:22:17)
    at NodePath.visit (/app/node_modules/@babel/core/node_modules/@babel/traverse/lib/path/context.js:88:52)
    at TraversalContext.visitQueue (/app/node_modules/@babel/core/node_modules/@babel/traverse/lib/context.js:86:16)
    at TraversalContext.visitSingle (/app/node_modules/@babel/core/node_modules/@babel/traverse/lib/context.js:65:19)
    at TraversalContext.visit (/app/node_modules/@babel/core/node_modules/@babel/traverse/lib/context.js:109:19)
    at traverseNode (/app/node_modules/@babel/core/node_modules/@babel/traverse/lib/traverse-node.js:22:17)
    at traverse (/app/node_modules/@babel/core/node_modules/@babel/traverse/lib/index.js:52:34)
    at transformFile (/app/node_modules/@babel/core/lib/transformation/index.js:82:31)
    at transformFile.next (<anonymous>)
    at run (/app/node_modules/@babel/core/lib/transformation/index.js:24:12)
    at run.next (<anonymous>)
    at transform (/app/node_modules/@babel/core/lib/transform.js:22:33)
    at transform.next (<anonymous>)
    at step (/app/node_modules/gensync/index.js:261:32)
    at /app/node_modules/gensync/index.js:273:13
    at async.call.result.err.err (/app/node_modules/gensync/index.js:223:11)
Module build failed (from ../../../../../../../app/node_modules/babel-loader/lib/index.js):
SyntaxError: /tmp/snackager/snackager/buildStatus/1/vitest@3.2.4-ios,android,web/package/node_modules/chai/index.js: Static class blocks are not enabled. Please add `@babel/plugin-transform-class-static-block` to your configuration.
  143 | // node_modules/assertion-error/index.js
  144 | var canElideFrames = "captureStackTrace" in Error;
> 145 | var AssertionError = class _AssertionError extends Error {
      |                      ^
  146 |   static {
  147 |     __name(this, "AssertionError");
  148 |   }
    at File.buildCodeFrameError (/app/node_modules/@babel/core/lib/transformation/file/file.js:205:12)
    at NodePath.buildCodeFrameError (/app/node_modules/@babel/core/node_modules/@babel/traverse/lib/path/index.js:98:21)
    at shouldTransform (/app/node_modules/@babel/helper-create-class-features-plugin/lib/features.js:121:16)
    at PluginPass.Class (/app/node_modules/@babel/helper-create-class-features-plugin/lib/index.js:112:44)
    at newFn (/app/node_modules/@babel/core/node_modules/@babel/traverse/lib/visitors.js:160:14)
    at NodePath._call (/app/node_modules/@babel/core/node_modules/@babel/traverse/lib/path/context.js:46:20)
    at NodePath.call (/app/node_modules/@babel/core/node_modules/@babel/traverse/lib/path/context.js:36:17)
    at NodePath.visit (/app/node_modules/@babel/core/node_modules/@babel/traverse/lib/path/context.js:82:31)
    at TraversalContext.visitQueue (/app/node_modules/@babel/core/node_modules/@babel/traverse/lib/context.js:86:16)
    at TraversalContext.visitSingle (/app/node_modules/@babel/core/node_modules/@babel/traverse/lib/context.js:65:19)
    at TraversalContext.visit (/app/node_modules/@babel/core/node_modules/@babel/traverse/lib/context.js:109:19)
    at traverseNode (/app/node_modules/@babel/core/node_modules/@babel/traverse/lib/traverse-node.js:22:17)
    at NodePath.visit (/app/node_modules/@babel/core/node_modules/@babel/traverse/lib/path/context.js:88:52)
    at TraversalContext.visitQueue (/app/node_modules/@babel/core/node_modules/@babel/traverse/lib/context.js:86:16)
    at TraversalContext.visitMultiple (/app/node_modules/@babel/core/node_modules/@babel/traverse/lib/context.js:61:17)
    at TraversalContext.visit (/app/node_modules/@babel/core/node_modules/@babel/traverse/lib/context.js:107:19)
    at traverseNode (/app/node_modules/@babel/core/node_modules/@babel/traverse/lib/traverse-node.js:22:17)
    at NodePath.visit (/app/node_modules/@babel/core/node_modules/@babel/traverse/lib/path/context.js:88:52)
    at TraversalContext.visitQueue (/app/node_modules/@babel/core/node_modules/@babel/traverse/lib/context.js:86:16)
    at TraversalContext.visitMultiple (/app/node_modules/@babel/core/node_modules/@babel/traverse/lib/context.js:61:17)
    at TraversalContext.visit (/app/node_modules/@babel/core/node_modules/@babel/traverse/lib/context.js:107:19)
    at traverseNode (/app/node_modules/@babel/core/node_modules/@babel/traverse/lib/traverse-node.js:22:17)
    at NodePath.visit (/app/node_modules/@babel/core/node_modules/@babel/traverse/lib/path/context.js:88:52)
    at TraversalContext.visitQueue (/app/node_modules/@babel/core/node_modules/@babel/traverse/lib/context.js:86:16)
    at TraversalContext.visitSingle (/app/node_modules/@babel/core/node_modules/@babel/traverse/lib/context.js:65:19)
    at TraversalContext.visit (/app/node_modules/@babel/core/node_modules/@babel/traverse/lib/context.js:109:19)
    at traverseNode (/app/node_modules/@babel/core/node_modules/@babel/traverse/lib/traverse-node.js:22:17)
    at traverse (/app/node_modules/@babel/core/node_modules/@babel/traverse/lib/index.js:52:34)
    at transformFile (/app/node_modules/@babel/core/lib/transformation/index.js:82:31)
    at transformFile.next (<anonymous>)
    at run (/app/node_modules/@babel/core/lib/transformation/index.js:24:12)
    at run.next (<anonymous>)
    at transform (/app/node_modules/@babel/core/lib/transform.js:22:33)
    at transform.next (<anonymous>)
    at step (/app/node_modules/gensync/index.js:261:32)
    at /app/node_modules/gensync/index.js:273:13
    at async.call.result.err.err (/app/node_modules/gensync/index.js:223:11))
package.json (40:5)
Failed to resolve dependency '@vitest/browser@3.2.4' (Invalid module ../../../src/node/constants.ts - Module not found: Error: Package path . is not exported from package /tmp/snackager/snackager/buildStatus/1/@vitest~browser@3.2.4-ios,android,web/package/node_modules/estree-walker (see exports field in /tmp/snackager/snackager/buildStatus/1/@vitest~browser@3.2.4-ios,android,web/package/node_modules/estree-walker/package.json))
Retry
package.json (41:5)
Failed to resolve dependency '@edge-runtime/vm@*' (npm install --ignore-scripts --production --ignore-engines --ignore-platform --non-interactive vm@* assert@* http@* stream@* net@* buffer@* util@* querystring@* events@* diagnostics_channel@* tls@* worker_threads@* zlib@* perf_hooks@* crypto@* url@* async_hooks@* console@* string_decoder@* module@* exited with non-zero code: 1)
Retry
package.json (43:5)
Failed to resolve dependency '@types/node@^22.0.0' (ENOENT: no such file or directory, open '/tmp/snackager/snackager/buildStatus/1/@types~node@22.18.12-ios,android,web/package.json')
Retry
package.json (44:5)
Failed to resolve dependency '@vitest/ui@3.2.4' (Invalid module ../../../src/node/constants.ts - Module not found: Error: Package path . is not exported from package /tmp/snackager/snackager/buildStatus/1/@vitest~ui@3.2.4-ios,android,web/package/node_modules/estree-walker (see exports field in /tmp/snackager/snackager/buildStatus/1/@vitest~ui@3.2.4-ios,android,web/package/node_modules/estree-walker/package.json))
Retry
package.json (45:5)
Failed to resolve dependency 'happy-dom@*' (Cannot resolve module http after installing it as a dependency)
Retry
package.json (46:5)
Failed to resolve dependency 'jsdom@*' (Cannot resolve module crypto after installing it as a dependency)
Retry
supabase/functions/cleanup-deleted-users/index.ts (14:23)
Cannot find file 'https://deno.land/std@0.168.0/http/server.ts'.
(Dependencies)
supabase/functions/cleanup-deleted-users/index.ts (15:30)
Cannot find file 'https://esm.sh/@supabase/supabase-js@2.39.0'.
(Dependencies)
index.ts (0:1)
Unable to resolve module 'module://@noble/curves/p256.js'
(Device)